2024-02-15 18:11:51,484 [INFO] Activator:176 - 


2024-02-15 18:11:51,485 [INFO] Activator:177 - !SESSION log4j initialized
2024-02-15 18:11:53,610 [INFO] LogOutputStream:77 - [STDOUT_REDIRECT] 
2024-02-15 18:11:54,996 [INFO] ApplicationProperties:184 - Using Application install path: C:\ST\STM32CubeIDE_1.13.2\STM32CubeIDE\plugins\com.st.stm32cube.common.mx_6.9.2.202309101412
2024-02-15 18:11:55,006 [INFO] DbMcusXml:78 - Set database path to: C:\ST\STM32CubeIDE_1.13.2\STM32CubeIDE\plugins\com.st.stm32cube.common.mx_6.9.2.202309101412\\db\/mcu/
2024-02-15 18:11:55,006 [INFO] ApiDb:274 - Set plugin database path to: C:\ST\STM32CubeIDE_1.13.2\STM32CubeIDE\plugins\com.st.stm32cube.common.mx_6.9.2.202309101412\\db\/plugins/boardmanager/
2024-02-15 18:11:55,007 [WARN] ApiDb:259 - Overriding images path with different value:  => C:\ST\STM32CubeIDE_1.13.2\STM32CubeIDE\plugins\com.st.stm32cube.common.mx_6.9.2.202309101412\\db\/plugins/mcufinder/images/
2024-02-15 18:11:55,012 [INFO] ApiDb:250 - Set database path to: C:\Users\Pc\.stmcufinder\plugins\mcufinder//mcu/
2024-02-15 18:11:55,012 [INFO] DbMcusAds:125 - Set database path to: C:\Users\Pc\.stmcufinder\plugins\mcufinder//mcu/
2024-02-15 18:11:55,014 [INFO] CrossReferenceDbSqlite:203 - Set database path to: C:\Users\Pc\.stmcufinder\plugins\mcufinder//mcu/cs/
2024-02-15 18:11:55,081 [INFO] RulesReader:64 - Compatibility file has been processed (293 Rules)
2024-02-15 18:11:55,121 [INFO] DbMcusXml:78 - Set database path to: C:\ST\STM32CubeIDE_1.13.2\STM32CubeIDE\plugins\com.st.stm32cube.common.mx_6.9.2.202309101412\\db\/mcu/
2024-02-15 18:11:55,121 [INFO] ApiDb:274 - Set plugin database path to: C:\ST\STM32CubeIDE_1.13.2\STM32CubeIDE\plugins\com.st.stm32cube.common.mx_6.9.2.202309101412\\db\/plugins/boardmanager/
2024-02-15 18:11:55,121 [INFO] ApiDb:261 - Set plugin images path to: C:\ST\STM32CubeIDE_1.13.2\STM32CubeIDE\plugins\com.st.stm32cube.common.mx_6.9.2.202309101412\\db\/plugins/mcufinder/images/
2024-02-15 18:11:55,121 [WARN] DbFile:41 - Overriding database path with different value: C:\Users\Pc\.stmcufinder\plugins\mcufinder/ => C:\Users\Pc\.stmcufinder\plugins\mcufinder
2024-02-15 18:11:55,121 [INFO] ApiDb:250 - Set database path to: C:\Users\Pc\.stmcufinder\plugins\mcufinder//mcu/
2024-02-15 18:11:55,122 [WARN] DbFile:41 - Overriding database path with different value: C:\Users\Pc\.stmcufinder\plugins\mcufinder/ => C:\Users\Pc\.stmcufinder\plugins\mcufinder
2024-02-15 18:11:55,122 [INFO] DbMcusAds:125 - Set database path to: C:\Users\Pc\.stmcufinder\plugins\mcufinder//mcu/
2024-02-15 18:11:55,122 [WARN] DbFile:41 - Overriding database path with different value: C:\Users\Pc\.stmcufinder\plugins\mcufinder/ => C:\Users\Pc\.stmcufinder\plugins\mcufinder
2024-02-15 18:11:55,122 [WARN] DbFile:41 - Overriding database path with different value: C:\Users\Pc\.stmcufinder\plugins\mcufinder/ => C:\Users\Pc\.stmcufinder\plugins\mcufinder
2024-02-15 18:11:55,122 [INFO] CrossReferenceDbSqlite:203 - Set database path to: C:\Users\Pc\.stmcufinder\plugins\mcufinder//mcu/cs/
2024-02-15 18:11:55,161 [INFO] MainPanel:262 - HeapMemory: 268435456
2024-02-15 18:11:55,203 [INFO] DbMcusXml:78 - Set database path to: C:\ST\STM32CubeIDE_1.13.2\STM32CubeIDE\plugins\com.st.stm32cube.common.mx_6.9.2.202309101412\\db\/mcu/
2024-02-15 18:11:55,203 [INFO] ApiDb:274 - Set plugin database path to: C:\ST\STM32CubeIDE_1.13.2\STM32CubeIDE\plugins\com.st.stm32cube.common.mx_6.9.2.202309101412\\db\/plugins/boardmanager/
2024-02-15 18:11:55,203 [INFO] ApiDb:261 - Set plugin images path to: C:\ST\STM32CubeIDE_1.13.2\STM32CubeIDE\plugins\com.st.stm32cube.common.mx_6.9.2.202309101412\\db\/plugins/mcufinder/images/
2024-02-15 18:11:55,203 [WARN] DbFile:41 - Overriding database path with different value: C:\Users\Pc\.stmcufinder\plugins\mcufinder/ => C:\Users\Pc\.stmcufinder\plugins\mcufinder
2024-02-15 18:11:55,203 [INFO] ApiDb:250 - Set database path to: C:\Users\Pc\.stmcufinder\plugins\mcufinder//mcu/
2024-02-15 18:11:55,203 [WARN] DbFile:41 - Overriding database path with different value: C:\Users\Pc\.stmcufinder\plugins\mcufinder/ => C:\Users\Pc\.stmcufinder\plugins\mcufinder
2024-02-15 18:11:55,203 [INFO] DbMcusAds:125 - Set database path to: C:\Users\Pc\.stmcufinder\plugins\mcufinder//mcu/
2024-02-15 18:11:55,203 [WARN] DbFile:41 - Overriding database path with different value: C:\Users\Pc\.stmcufinder\plugins\mcufinder/ => C:\Users\Pc\.stmcufinder\plugins\mcufinder
2024-02-15 18:11:55,203 [WARN] DbFile:41 - Overriding database path with different value: C:\Users\Pc\.stmcufinder\plugins\mcufinder/ => C:\Users\Pc\.stmcufinder\plugins\mcufinder
2024-02-15 18:11:55,203 [INFO] CrossReferenceDbSqlite:203 - Set database path to: C:\Users\Pc\.stmcufinder\plugins\mcufinder//mcu/cs/
2024-02-15 18:11:55,212 [INFO] ApplicationProperties:184 - Using Application install path: C:\ST\STM32CubeIDE_1.13.2\STM32CubeIDE\plugins\com.st.stm32cube.common.mx_6.9.2.202309101412
2024-02-15 18:11:55,213 [INFO] PluginManage:196 - Search for loadable plugins [exclusion list=, ]
2024-02-15 18:11:55,214 [INFO] PluginManage:310 - Check plugin analytics
2024-02-15 18:11:55,306 [INFO] AnalyticsPlugin:253 - Accepted Software Licenses: 
2024-02-15 18:11:55,306 [INFO] AnalyticsPlugin:255 - Accepted CMSIS Pack Licenses: 
2024-02-15 18:11:55,306 [INFO] AnalyticsPlugin:257 - Accepted Firmware Licenses: FW.F4.1.27.0
2024-02-15 18:11:55,308 [INFO] PluginManage:359 - Loaded plugin analytics (category:tool,tabindex:-1)
2024-02-15 18:11:55,309 [INFO] PluginManage:310 - Check plugin cadmodel
2024-02-15 18:11:55,319 [INFO] CADModel:105 - Init CAD model plugin
2024-02-15 18:11:55,319 [INFO] PluginManage:359 - Loaded plugin cadmodel (category:power,tabindex:5)
2024-02-15 18:11:55,319 [INFO] PluginManage:310 - Check plugin clock
2024-02-15 18:11:55,332 [INFO] PluginManage:359 - Loaded plugin clock (category:base,tabindex:2)
2024-02-15 18:11:55,332 [INFO] PluginManage:310 - Check plugin ddr
2024-02-15 18:11:55,333 [INFO] PluginManage:359 - Loaded plugin ddr (category:tool,tabindex:6)
2024-02-15 18:11:55,333 [INFO] PluginManage:310 - Check plugin filemanager
2024-02-15 18:11:55,417 [INFO] PluginManage:359 - Loaded plugin filemanager (category:base,tabindex:10)
2024-02-15 18:11:55,417 [INFO] PluginManage:310 - Check plugin ipmanager
2024-02-15 18:11:55,421 [INFO] PluginManage:359 - Loaded plugin ipmanager (category:base,tabindex:5)
2024-02-15 18:11:55,421 [INFO] PluginManage:310 - Check plugin lpbam
2024-02-15 18:11:55,434 [INFO] PluginManage:359 - Loaded plugin lpbam (category:base,tabindex:0)
2024-02-15 18:11:55,435 [INFO] PluginManage:310 - Check plugin memorymap
2024-02-15 18:11:55,449 [INFO] PluginManage:359 - Loaded plugin memorymap (category:base,tabindex:4)
2024-02-15 18:11:55,449 [INFO] PluginManage:310 - Check plugin pinoutandconfiguration
2024-02-15 18:11:55,459 [INFO] PluginManage:359 - Loaded plugin pinoutandconfiguration (category:base,tabindex:1)
2024-02-15 18:11:55,459 [INFO] PluginManage:310 - Check plugin pinoutconfig
2024-02-15 18:11:55,542 [WARN] SupportedApi:132 - Cannot load RTOS API schema: s4s-elt-must-match.1: The content of 'definitions' must match (annotation?, (simpleType | complexType)?, (unique | key | keyref)*)). A problem was found starting at: attribute.
2024-02-15 18:11:55,618 [INFO] PluginManage:359 - Loaded plugin pinoutconfig (category:base,tabindex:0)
2024-02-15 18:11:55,618 [INFO] PluginManage:310 - Check plugin power
2024-02-15 18:11:55,630 [INFO] PluginManage:359 - Loaded plugin power (category:power,tabindex:4)
2024-02-15 18:11:55,630 [INFO] PluginManage:310 - Check plugin projectmanager
2024-02-15 18:11:55,639 [INFO] PluginManage:359 - Loaded plugin projectmanager (category:projectmanager,tabindex:3)
2024-02-15 18:11:55,639 [INFO] PluginManage:310 - Check plugin thirdparty
2024-02-15 18:11:55,801 [INFO] PluginManage:359 - Loaded plugin thirdparty (category:base,tabindex:-1)
2024-02-15 18:11:55,801 [INFO] PluginManage:310 - Check plugin tools
2024-02-15 18:11:55,801 [WARN] IntegrityCheckThread:84 - waiting for thirdparty lock release [integrity check]
2024-02-15 18:11:55,801 [INFO] IntegrityCheckThread:86 - entering critical section [integrity check]
2024-02-15 18:11:55,802 [INFO] ThirdPartyUpdaterWithRetryManager:70 - Updater plugin not ready yet. [1/15]
2024-02-15 18:11:55,826 [INFO] PluginManage:359 - Loaded plugin tools (category:base,tabindex:7)
2024-02-15 18:11:55,826 [INFO] PluginManage:310 - Check plugin tutovideos
2024-02-15 18:11:55,937 [INFO] PluginManage:359 - Loaded plugin tutovideos (category:base,tabindex:-1)
2024-02-15 18:11:55,937 [INFO] PluginManage:310 - Check plugin updater
2024-02-15 18:11:55,943 [INFO] PluginManage:359 - Loaded plugin updater (category:base,tabindex:12)
2024-02-15 18:11:55,943 [INFO] PluginManage:310 - Check plugin userauth
2024-02-15 18:11:55,946 [INFO] UserAuth:113 - Init User Auth plugin
2024-02-15 18:11:55,946 [INFO] PluginManage:359 - Loaded plugin userauth (category:base,tabindex:14)
2024-02-15 18:11:55,947 [INFO] PluginManage:283 - PluginManage : Loaded plugins [17]
2024-02-15 18:11:56,063 [INFO] PinOutPanel:1499 - setPackage(No Configuration,No Configuration)
2024-02-15 18:11:56,122 [INFO] CADModel:165 - CPN selected for project level
2024-02-15 18:11:56,122 [INFO] CADModel:114 - Register for checkConnection events
2024-02-15 18:11:56,139 [INFO] IPUIPlugin:80 - create IPUIPlugin
2024-02-15 18:11:56,139 [INFO] PluginManager:220 - loadIPPluginJar : add adc
2024-02-15 18:11:56,163 [INFO] IPUIPlugin:80 - create IPUIPlugin
2024-02-15 18:11:56,163 [INFO] PluginManager:220 - loadIPPluginJar : add aes
2024-02-15 18:11:56,190 [INFO] IPUIPlugin:80 - create IPUIPlugin
2024-02-15 18:11:56,190 [INFO] PluginManager:220 - loadIPPluginJar : add can
2024-02-15 18:11:56,204 [INFO] IPUIPlugin:80 - create IPUIPlugin
2024-02-15 18:11:56,204 [INFO] PluginManager:220 - loadIPPluginJar : add comp
2024-02-15 18:11:56,226 [INFO] IPUIPlugin:80 - create IPUIPlugin
2024-02-15 18:11:56,227 [INFO] PluginManager:220 - loadIPPluginJar : add cryp
2024-02-15 18:11:56,247 [INFO] IPUIPlugin:80 - create IPUIPlugin
2024-02-15 18:11:56,247 [INFO] PluginManager:220 - loadIPPluginJar : add dfsdm
2024-02-15 18:11:56,257 [INFO] IPUIPlugin:80 - create IPUIPlugin
2024-02-15 18:11:56,257 [INFO] PluginManager:220 - loadIPPluginJar : add dma
2024-02-15 18:11:56,284 [INFO] IPUIPlugin:80 - create IPUIPlugin
2024-02-15 18:11:56,284 [INFO] PluginManager:220 - loadIPPluginJar : add dma3
2024-02-15 18:11:56,297 [INFO] IPUIPlugin:80 - create IPUIPlugin
2024-02-15 18:11:56,297 [INFO] PluginManager:220 - loadIPPluginJar : add fatfs
2024-02-15 18:11:56,326 [INFO] IPUIPlugin:80 - create IPUIPlugin
2024-02-15 18:11:56,326 [INFO] PluginManager:220 - loadIPPluginJar : add fmc
2024-02-15 18:11:56,336 [INFO] IPUIPlugin:80 - create IPUIPlugin
2024-02-15 18:11:56,336 [INFO] PluginManager:220 - loadIPPluginJar : add freertos
2024-02-15 18:11:56,352 [INFO] IPUIPlugin:80 - create IPUIPlugin
2024-02-15 18:11:56,352 [INFO] PluginManager:220 - loadIPPluginJar : add genericplugin
2024-02-15 18:11:56,420 [INFO] IPUIPlugin:80 - create IPUIPlugin
2024-02-15 18:11:56,420 [INFO] PluginManager:220 - loadIPPluginJar : add gfxmmu
2024-02-15 18:11:56,503 [INFO] IPUIPlugin:80 - create IPUIPlugin
2024-02-15 18:11:56,504 [INFO] PluginManager:220 - loadIPPluginJar : add gic
2024-02-15 18:11:56,512 [INFO] IPUIPlugin:80 - create IPUIPlugin
2024-02-15 18:11:56,512 [INFO] PluginManager:220 - loadIPPluginJar : add gpio
2024-02-15 18:11:56,573 [INFO] IPUIPlugin:80 - create IPUIPlugin
2024-02-15 18:11:56,573 [INFO] PluginManager:220 - loadIPPluginJar : add gtzc
2024-02-15 18:11:56,592 [INFO] IPUIPlugin:80 - create IPUIPlugin
2024-02-15 18:11:56,593 [INFO] PluginManager:220 - loadIPPluginJar : add hash
2024-02-15 18:11:56,623 [INFO] IPUIPlugin:80 - create IPUIPlugin
2024-02-15 18:11:56,623 [INFO] PluginManager:220 - loadIPPluginJar : add i2c
2024-02-15 18:11:56,647 [INFO] IPUIPlugin:80 - create IPUIPlugin
2024-02-15 18:11:56,647 [INFO] PluginManager:220 - loadIPPluginJar : add i2s
2024-02-15 18:11:56,673 [INFO] IPUIPlugin:80 - create IPUIPlugin
2024-02-15 18:11:56,673 [INFO] PluginManager:220 - loadIPPluginJar : add i3c
2024-02-15 18:11:56,739 [INFO] IPUIPlugin:80 - create IPUIPlugin
2024-02-15 18:11:56,740 [INFO] PluginManager:220 - loadIPPluginJar : add ipddr
2024-02-15 18:11:56,800 [INFO] IPUIPlugin:80 - create IPUIPlugin
2024-02-15 18:11:56,800 [INFO] PluginManager:220 - loadIPPluginJar : add linkedlist
2024-02-15 18:11:56,825 [INFO] IPUIPlugin:80 - create IPUIPlugin
2024-02-15 18:11:56,825 [INFO] PluginManager:220 - loadIPPluginJar : add lorawan
2024-02-15 18:11:56,852 [INFO] IPUIPlugin:80 - create IPUIPlugin
2024-02-15 18:11:56,853 [INFO] PluginManager:220 - loadIPPluginJar : add ltdc
2024-02-15 18:11:56,864 [INFO] IPUIPlugin:80 - create IPUIPlugin
2024-02-15 18:11:56,865 [INFO] PluginManager:220 - loadIPPluginJar : add mdma
2024-02-15 18:11:56,874 [INFO] IPUIPlugin:80 - create IPUIPlugin
2024-02-15 18:11:56,874 [INFO] PluginManager:220 - loadIPPluginJar : add nvic
2024-02-15 18:11:56,901 [INFO] IPUIPlugin:80 - create IPUIPlugin
2024-02-15 18:11:56,901 [INFO] PluginManager:220 - loadIPPluginJar : add opamp
2024-02-15 18:11:56,941 [INFO] IPUIPlugin:80 - create IPUIPlugin
2024-02-15 18:11:56,941 [INFO] PluginManager:220 - loadIPPluginJar : add openamp
2024-02-15 18:11:56,974 [INFO] IPUIPlugin:80 - create IPUIPlugin
2024-02-15 18:11:56,974 [INFO] PluginManager:220 - loadIPPluginJar : add pdm2pcm
2024-02-15 18:11:56,985 [INFO] IPUIPlugin:80 - create IPUIPlugin
2024-02-15 18:11:56,987 [INFO] PluginManager:220 - loadIPPluginJar : add plateformsettings
2024-02-15 18:11:57,005 [INFO] IPUIPlugin:80 - create IPUIPlugin
2024-02-15 18:11:57,005 [INFO] PluginManager:220 - loadIPPluginJar : add quadspi
2024-02-15 18:11:57,015 [INFO] IPUIPlugin:80 - create IPUIPlugin
2024-02-15 18:11:57,015 [INFO] PluginManager:220 - loadIPPluginJar : add resmgrutility
2024-02-15 18:11:57,053 [INFO] IPUIPlugin:80 - create IPUIPlugin
2024-02-15 18:11:57,054 [INFO] PluginManager:220 - loadIPPluginJar : add sai
2024-02-15 18:11:57,081 [INFO] IPUIPlugin:80 - create IPUIPlugin
2024-02-15 18:11:57,081 [INFO] PluginManager:220 - loadIPPluginJar : add spi
2024-02-15 18:11:57,122 [INFO] IPUIPlugin:80 - create IPUIPlugin
2024-02-15 18:11:57,122 [INFO] PluginManager:220 - loadIPPluginJar : add stm32_wpan
2024-02-15 18:11:57,138 [INFO] IPUIPlugin:80 - create IPUIPlugin
2024-02-15 18:11:57,138 [INFO] PluginManager:220 - loadIPPluginJar : add tim
2024-02-15 18:11:57,175 [INFO] IPUIPlugin:80 - create IPUIPlugin
2024-02-15 18:11:57,175 [INFO] PluginManager:220 - loadIPPluginJar : add touchsensing
2024-02-15 18:11:57,191 [INFO] IPUIPlugin:80 - create IPUIPlugin
2024-02-15 18:11:57,191 [INFO] PluginManager:220 - loadIPPluginJar : add tracer_emb
2024-02-15 18:11:57,206 [INFO] IPUIPlugin:80 - create IPUIPlugin
2024-02-15 18:11:57,207 [INFO] PluginManager:220 - loadIPPluginJar : add ts
2024-02-15 18:11:57,223 [INFO] IPUIPlugin:80 - create IPUIPlugin
2024-02-15 18:11:57,223 [INFO] PluginManager:220 - loadIPPluginJar : add tsc
2024-02-15 18:11:57,238 [INFO] IPUIPlugin:80 - create IPUIPlugin
2024-02-15 18:11:57,238 [INFO] PluginManager:220 - loadIPPluginJar : add ucpd
2024-02-15 18:11:57,269 [INFO] IPUIPlugin:80 - create IPUIPlugin
2024-02-15 18:11:57,270 [INFO] PluginManager:220 - loadIPPluginJar : add usart
2024-02-15 18:11:57,303 [INFO] IPUIPlugin:80 - create IPUIPlugin
2024-02-15 18:11:57,303 [INFO] PluginManager:220 - loadIPPluginJar : add usbx
2024-02-15 18:11:57,409 [INFO] CADModel:165 - CPN selected for project level
2024-02-15 18:11:57,410 [INFO] CADModel:114 - Register for checkConnection events
2024-02-15 18:11:57,410 [FATAL] Updater:308 - Updater called before beeing initialized
2024-02-15 18:11:57,410 [ERROR] CADModel:125 - Updater not yet initialized, retry later 
2024-02-15 18:11:57,493 [INFO] CADModel:165 - CPN selected for project level
2024-02-15 18:11:57,493 [INFO] CADModel:114 - Register for checkConnection events
2024-02-15 18:11:57,493 [FATAL] Updater:308 - Updater called before beeing initialized
2024-02-15 18:11:57,493 [ERROR] CADModel:125 - Updater not yet initialized, retry later 
2024-02-15 18:11:57,496 [FATAL] Updater:308 - Updater called before beeing initialized
2024-02-15 18:11:57,563 [FATAL] Updater:308 - Updater called before beeing initialized
2024-02-15 18:11:57,570 [INFO] DbMcusAds:53 - JSON generation date=Wed Nov 29 11:52:26 CET 2023 (1701255146895)
2024-02-15 18:11:57,570 [FATAL] Updater:308 - Updater called before beeing initialized
2024-02-15 18:11:57,631 [WARN] DetailPanel:346 - Failed to get advertising image, set to default
2024-02-15 18:11:57,695 [FATAL] Updater:308 - Updater called before beeing initialized
2024-02-15 18:11:57,696 [FATAL] Updater:308 - Updater called before beeing initialized
2024-02-15 18:11:57,696 [FATAL] Updater:308 - Updater called before beeing initialized
2024-02-15 18:11:57,696 [WARN] DetailPanel:346 - Failed to get advertising image, set to default
2024-02-15 18:11:57,697 [FATAL] Updater:308 - Updater called before beeing initialized
2024-02-15 18:11:57,733 [ERROR] Updater:1120 - MainUpdater not yet initialized. External WinMGr cannot be set.
2024-02-15 18:11:57,741 [INFO] Updater:1056 - Updater Version found : 6.9.2
2024-02-15 18:11:57,755 [INFO] ApplicationProperties:184 - Using Application install path: C:\ST\STM32CubeIDE_1.13.2\STM32CubeIDE\plugins\com.st.stm32cube.common.mx_6.9.2.202309101412
2024-02-15 18:11:57,871 [INFO] MainUpdater:2868 - connection check result : 10
2024-02-15 18:11:57,872 [INFO] MainUpdater:285 - Updater Check For Update Now.
2024-02-15 18:11:57,872 [INFO] MicroXplorer:498 - Change Database Version : DB.6.0.92
2024-02-15 18:11:57,883 [INFO] McuFinderGlobals:63 - Set McuFinder mode to 2 (CubeIDE integrated)
2024-02-15 18:11:57,883 [INFO] UserAuth:179 - activating auth plugin
2024-02-15 18:11:57,885 [INFO] UserAuth:393 - Internet connection configuration mode: 1
2024-02-15 18:11:57,906 [INFO] JxBrowserEngine:151 - Initiate JxBrowser Engine with user profile folder
2024-02-15 18:11:58,040 [INFO] CheckServerUpdateThread:120 - End of CheckServer Thread
2024-02-15 18:11:58,908 [WARN] PackLoader:240 - Cannot read IP mode file for STMicroelectronics.X-CUBE-SMBUS.2.1.0
2024-02-15 18:11:58,919 [WARN] PackLoader:240 - Cannot read IP mode file for STMicroelectronics.X-CUBE-TOUCHGFX.4.23.0
2024-02-15 18:11:58,947 [WARN] PackLoader:240 - Cannot read IP mode file for STMicroelectronics.X-CUBE-AZRTOS-F7.1.1.0
2024-02-15 18:11:58,962 [WARN] PackLoader:240 - Cannot read IP mode file for STMicroelectronics.FP-SNS-MOTENV1.4.3.2
2024-02-15 18:11:58,975 [WARN] PackLoader:240 - Cannot read IP mode file for STMicroelectronics.FP-SNS-FLIGHT1.5.0.2
2024-02-15 18:11:58,988 [WARN] PackLoader:240 - Cannot read IP mode file for STMicroelectronics.X-CUBE-DISPLAY.3.0.0
2024-02-15 18:11:59,003 [WARN] PackLoader:240 - Cannot read IP mode file for STMicroelectronics.X-CUBE-BLE1.7.0.0
2024-02-15 18:11:59,013 [WARN] PackLoader:240 - Cannot read IP mode file for emotas.I-CUBE-CANOPEN.1.3.0
2024-02-15 18:11:59,023 [WARN] PackLoader:240 - Cannot read IP mode file for STMicroelectronics.X-CUBE-TOUCHGFX.4.22.1
2024-02-15 18:11:59,032 [WARN] PackLoader:240 - Cannot read IP mode file for STMicroelectronics.FP-SNS-SMARTAG2.1.2.0
2024-02-15 18:11:59,046 [INFO] LogOutputStream:77 - [STDOUT_REDIRECT] 1 : Invalid condition id : UX_CORESTACK_Condition cause : null
2024-02-15 18:11:59,046 [INFO] LogOutputStream:77 - [STDOUT_REDIRECT] 1 : Invalid condition id : UX_CORESTACK_Condition cause : null
2024-02-15 18:11:59,046 [INFO] LogOutputStream:77 - [STDOUT_REDIRECT] 1 : Invalid condition id : UX_CORESTACK_Condition cause : null
2024-02-15 18:11:59,047 [INFO] LogOutputStream:77 - [STDOUT_REDIRECT] 1 : Invalid condition id : UX_CORESTACK_Condition cause : null
2024-02-15 18:11:59,048 [INFO] LogOutputStream:77 - [STDOUT_REDIRECT] 1 : Invalid condition id : UX_CORESTACK_Condition cause : null
2024-02-15 18:11:59,050 [WARN] PackLoader:240 - Cannot read IP mode file for STMicroelectronics.X-CUBE-AZRTOS-WL.2.0.0
2024-02-15 18:11:59,060 [WARN] PackLoader:240 - Cannot read IP mode file for WES.I-CUBE-Cesium.1.3.0
2024-02-15 18:11:59,068 [WARN] PackLoader:240 - Cannot read IP mode file for STMicroelectronics.X-CUBE-BLE2.3.3.0
2024-02-15 18:11:59,077 [WARN] PackLoader:240 - Cannot read IP mode file for STMicroelectronics.X-CUBE-ALGOBUILD.1.3.0
2024-02-15 18:11:59,093 [WARN] PackLoader:240 - Cannot read IP mode file for STMicroelectronics.X-CUBE-AZRTOS-G0.1.1.0
2024-02-15 18:11:59,103 [WARN] PackLoader:240 - Cannot read IP mode file for STMicroelectronics.X-CUBE-NFC4.3.0.0
2024-02-15 18:11:59,114 [WARN] PackLoader:240 - Cannot read IP mode file for STMicroelectronics.X-CUBE-BLEMGR.3.0.0
2024-02-15 18:11:59,123 [WARN] PackLoader:240 - Cannot read IP mode file for STMicroelectronics.FP-ATR-SIGFOX1.3.2.0
2024-02-15 18:11:59,133 [WARN] PackLoader:240 - Cannot read IP mode file for STMicroelectronics.X-CUBE-EEPRMA1.5.1.0
2024-02-15 18:11:59,157 [WARN] PackLoader:240 - Cannot read IP mode file for SEGGER.I-CUBE-embOS.1.3.1
2024-02-15 18:11:59,195 [WARN] PackLoader:240 - Cannot read IP mode file for STMicroelectronics.X-CUBE-GNSS1.6.0.0
2024-02-15 18:11:59,234 [WARN] PackLoader:240 - Cannot read IP mode file for STMicroelectronics.X-CUBE-AZRTOS-F4.1.1.0
2024-02-15 18:11:59,254 [WARN] PackLoader:240 - Cannot read IP mode file for wolfSSL.I-CUBE-wolfSSL.5.6.4
2024-02-15 18:11:59,275 [WARN] PackLoader:240 - Cannot read IP mode file for STMicroelectronics.X-CUBE-AZRTOS-L5.2.0.0
2024-02-15 18:11:59,292 [WARN] PackLoader:240 - Cannot read IP mode file for STMicroelectronics.X-CUBE-EEPRMA1.4.2.0
2024-02-15 18:11:59,306 [WARN] PackLoader:240 - Cannot read IP mode file for ITTIA_DB.I-CUBE-ITTIADB.8.8.0
2024-02-15 18:11:59,334 [WARN] ConditionMgr:438 - getConditionDescription Invalid condition id : UX DEVICE CLASS RTOS Condition cause : null
2024-02-15 18:11:59,334 [WARN] ConditionMgr:438 - getConditionDescription Invalid condition id : UX DEVICE CLASS RTOS Condition cause : null
2024-02-15 18:11:59,336 [WARN] PackLoader:240 - Cannot read IP mode file for STMicroelectronics.X-CUBE-AZRTOS-H7.3.1.0
2024-02-15 18:11:59,337 [WARN] ConditionMgr:1039 - genDependencies : Invalid condition id : UX DEVICE CLASS RTOS Condition cause : null
2024-02-15 18:11:59,337 [WARN] ConditionMgr:1039 - genDependencies : Invalid condition id : UX DEVICE CLASS RTOS Condition cause : null
2024-02-15 18:11:59,338 [WARN] ConditionMgr:1039 - genDependencies : Invalid condition id : UX DEVICE CLASS RTOS Condition cause : null
2024-02-15 18:11:59,338 [WARN] ConditionMgr:1039 - genDependencies : Invalid condition id : UX DEVICE CLASS RTOS Condition cause : null
2024-02-15 18:11:59,338 [WARN] ConditionMgr:1039 - genDependencies : Invalid condition id : UX DEVICE CLASS RTOS Condition cause : null
2024-02-15 18:11:59,354 [WARN] PackLoader:240 - Cannot read IP mode file for STMicroelectronics.X-CUBE-NFC7.1.0.1
2024-02-15 18:11:59,371 [WARN] PackLoader:240 - Cannot read IP mode file for STMicroelectronics.X-CUBE-NFC6.3.0.0
2024-02-15 18:11:59,384 [WARN] PackLoader:240 - Cannot read IP mode file for STMicroelectronics.X-CUBE-AI.8.1.0
2024-02-15 18:11:59,415 [WARN] ConditionMgr:438 - getConditionDescription Invalid condition id : LAN8742 Phy interface Condition cause : null
2024-02-15 18:11:59,416 [WARN] PackLoader:240 - Cannot read IP mode file for STMicroelectronics.X-CUBE-AZRTOS-L4.2.0.0
2024-02-15 18:11:59,417 [WARN] ConditionMgr:1039 - genDependencies : Invalid condition id : LAN8742 Phy interface Condition cause : null
2024-02-15 18:11:59,417 [WARN] ConditionMgr:1039 - genDependencies : Invalid condition id : LAN8742 Phy interface Condition cause : null
2024-02-15 18:11:59,418 [WARN] ConditionMgr:1039 - genDependencies : Invalid condition id : LAN8742 Phy interface Condition cause : null
2024-02-15 18:11:59,439 [WARN] PackLoader:240 - Cannot read IP mode file for STMicroelectronics.X-CUBE-SFXS2LP1.4.0.0
2024-02-15 18:11:59,457 [WARN] PackLoader:240 - Cannot read IP mode file for STMicroelectronics.X-CUBE-ISPU.1.1.0
2024-02-15 18:11:59,486 [WARN] ConditionMgr:438 - getConditionDescription Invalid condition id : UX DEVICE CLASS RTOS Condition cause : null
2024-02-15 18:11:59,486 [WARN] ConditionMgr:438 - getConditionDescription Invalid condition id : UX DEVICE CLASS RTOS Condition cause : null
2024-02-15 18:11:59,487 [WARN] PackLoader:240 - Cannot read IP mode file for STMicroelectronics.X-CUBE-AZRTOS-WB.2.0.0
2024-02-15 18:11:59,488 [WARN] ConditionMgr:1039 - genDependencies : Invalid condition id : UX DEVICE CLASS RTOS Condition cause : null
2024-02-15 18:11:59,488 [WARN] ConditionMgr:1039 - genDependencies : Invalid condition id : UX DEVICE CLASS RTOS Condition cause : null
2024-02-15 18:11:59,489 [WARN] ConditionMgr:1039 - genDependencies : Invalid condition id : UX DEVICE CLASS RTOS Condition cause : null
2024-02-15 18:11:59,489 [WARN] ConditionMgr:1039 - genDependencies : Invalid condition id : UX DEVICE CLASS RTOS Condition cause : null
2024-02-15 18:11:59,489 [WARN] ConditionMgr:1039 - genDependencies : Invalid condition id : UX DEVICE CLASS RTOS Condition cause : null
2024-02-15 18:11:59,509 [WARN] PackLoader:240 - Cannot read IP mode file for STMicroelectronics.X-CUBE-SUBG2.5.0.0
2024-02-15 18:11:59,526 [WARN] PackLoader:240 - Cannot read IP mode file for STMicroelectronics.X-CUBE-TOF1.3.3.1
2024-02-15 18:11:59,558 [WARN] PackLoader:240 - Cannot read IP mode file for STMicroelectronics.X-CUBE-AZRTOS-G4.2.0.0
2024-02-15 18:11:59,576 [WARN] PackLoader:240 - Cannot read IP mode file for Infineon.AIROC-Wi-Fi-Bluetooth-STM32.1.5.1
2024-02-15 18:11:59,583 [INFO] WebApp:157 - Instantiating new browser for Auth
2024-02-15 18:11:59,587 [WARN] PackLoader:240 - Cannot read IP mode file for STMicroelectronics.FP-SNS-MOTENVWB1.1.3.0
2024-02-15 18:11:59,603 [WARN] PackLoader:240 - Cannot read IP mode file for STMicroelectronics.FP-SNS-MOTENVWB1.1.3.1
2024-02-15 18:11:59,612 [WARN] PackLoader:240 - Cannot read IP mode file for STMicroelectronics.X-CUBE-ISPU.2.0.0
2024-02-15 18:11:59,663 [WARN] PackLoader:240 - Cannot read IP mode file for STMicroelectronics.X-CUBE-MEMS1.10.0.0
2024-02-15 18:11:59,744 [WARN] PackLoader:240 - Cannot read IP mode file for STMicroelectronics.X-CUBE-FREERTOS.1.1.0
2024-02-15 18:11:59,757 [WARN] PackLoader:240 - Cannot read IP mode file for portGmbH.I-Cube-SoM-uGOAL.1.1.0
2024-02-15 18:11:59,770 [WARN] PackLoader:240 - Cannot read IP mode file for STMicroelectronics.X-CUBE-ALS.1.0.1
2024-02-15 18:11:59,783 [WARN] PackLoader:240 - Cannot read IP mode file for STMicroelectronics.FP-ATR-ASTRA1.2.0.0
2024-02-15 18:11:59,808 [WARN] PackLoader:240 - Cannot read IP mode file for STMicroelectronics.X-CUBE-TOF1.3.4.0
2024-02-15 18:11:59,841 [WARN] PackLoader:240 - Cannot read IP mode file for STMicroelectronics.X-CUBE-AZRTOS-H7.3.2.0
2024-02-15 18:11:59,843 [INFO] ThirdParty:978 - Integrity check success = true
2024-02-15 18:11:59,844 [INFO] IntegrityCheckThread:100 - exiting critical section [integrity check]
2024-02-15 18:11:59,844 [INFO] IntegrityCheckThread:103 - End integrity checks thread
2024-02-15 18:12:00,045 [INFO] WebApp:753 - Register for checkConnection events
2024-02-15 18:12:00,045 [INFO] WebApp:390 - Apply proxy settings
2024-02-15 18:12:00,045 [INFO] WebApp:475 - Chromium requires no authentication
2024-02-15 18:12:00,052 [INFO] WebApp:418 - Direct internet connection detected
2024-02-15 18:12:00,148 [INFO] WebApp:188 - Starting web application
2024-02-15 18:12:00,148 [INFO] WebApp:520 - Web application path used C:\ST\STM32CubeIDE_1.13.2\STM32CubeIDE\plugins\com.st.stm32cube.common.mx_6.9.2.202309101412\db\plugins\mcufinder\reactClient1\index.html
2024-02-15 18:12:20,695 [ERROR] LogOutputStream:75 - [STDERR_REDIRECT] SLF4J: Failed to load class "org.slf4j.impl.StaticLoggerBinder".
2024-02-15 18:12:20,695 [ERROR] LogOutputStream:75 - [STDERR_REDIRECT] SLF4J: Defaulting to no-operation (NOP) logger implementation
2024-02-15 18:12:20,696 [ERROR] LogOutputStream:75 - [STDERR_REDIRECT] SLF4J: See http://www.slf4j.org/codes.html#StaticLoggerBinder for further details.
2024-02-15 18:12:51,441 [INFO] LogOutputStream:77 - [STDOUT_REDIRECT] Unexpected error loading extension: org.eclipse.equinox.p2.metadata.repository.XZedRepository
2024-02-15 18:12:51,443 [ERROR] LogOutputStream:75 - [STDERR_REDIRECT] java.lang.IllegalStateException: Attempt to access stopped agent: org.eclipse.equinox.internal.p2.core.ProvisioningAgent@58eb956d
2024-02-15 18:12:51,444 [ERROR] LogOutputStream:75 - [STDERR_REDIRECT] 	at org.eclipse.equinox.internal.p2.core.ProvisioningAgent.checkRunning(ProvisioningAgent.java:86)
2024-02-15 18:12:51,445 [ERROR] LogOutputStream:75 - [STDERR_REDIRECT] 	at org.eclipse.equinox.internal.p2.core.ProvisioningAgent.getService(ProvisioningAgent.java:50)
2024-02-15 18:12:51,446 [ERROR] LogOutputStream:75 - [STDERR_REDIRECT] 	at org.eclipse.equinox.p2.core.IProvisioningAgent.getService(IProvisioningAgent.java:86)
2024-02-15 18:12:51,447 [ERROR] LogOutputStream:75 - [STDERR_REDIRECT] 	at org.eclipse.equinox.internal.p2.transport.ecf.RepositoryTransport.download(RepositoryTransport.java:91)
2024-02-15 18:12:51,448 [ERROR] LogOutputStream:75 - [STDERR_REDIRECT] 	at org.eclipse.equinox.internal.p2.repository.CacheManager.updateCache(CacheManager.java:436)
2024-02-15 18:12:51,449 [ERROR] LogOutputStream:75 - [STDERR_REDIRECT] 	at org.eclipse.equinox.internal.p2.repository.CacheManager.createCacheFromFile(CacheManager.java:141)
2024-02-15 18:12:51,450 [ERROR] LogOutputStream:75 - [STDERR_REDIRECT] 	at org.eclipse.equinox.internal.p2.metadata.repository.XZedSimpleMetadataRepositoryFactory.getLocalFile(XZedSimpleMetadataRepositoryFactory.java:60)
2024-02-15 18:12:51,451 [ERROR] LogOutputStream:75 - [STDERR_REDIRECT] 	at org.eclipse.equinox.internal.p2.metadata.repository.XZedSimpleMetadataRepositoryFactory.load(XZedSimpleMetadataRepositoryFactory.java:80)
2024-02-15 18:12:51,452 [ERROR] LogOutputStream:75 - [STDERR_REDIRECT] 	at org.eclipse.equinox.internal.p2.metadata.repository.MetadataRepositoryManager.factoryLoad(MetadataRepositoryManager.java:63)
2024-02-15 18:12:51,453 [ERROR] LogOutputStream:75 - [STDERR_REDIRECT] 	at org.eclipse.equinox.internal.p2.repository.helpers.AbstractRepositoryManager.loadRepository(AbstractRepositoryManager.java:787)
2024-02-15 18:12:51,454 [ERROR] LogOutputStream:75 - [STDERR_REDIRECT] 	at org.eclipse.equinox.internal.p2.repository.helpers.AbstractRepositoryManager.loadRepository(AbstractRepositoryManager.java:685)
2024-02-15 18:12:51,455 [ERROR] LogOutputStream:75 - [STDERR_REDIRECT] 	at org.eclipse.equinox.internal.p2.metadata.repository.MetadataRepositoryManager.loadRepository(MetadataRepositoryManager.java:110)
2024-02-15 18:12:51,457 [ERROR] LogOutputStream:75 - [STDERR_REDIRECT] 	at org.eclipse.equinox.internal.p2.metadata.repository.MetadataRepositoryManager.loadRepository(MetadataRepositoryManager.java:105)
2024-02-15 18:12:51,458 [ERROR] LogOutputStream:75 - [STDERR_REDIRECT] 	at org.eclipse.equinox.internal.p2.metadata.repository.CompositeMetadataRepository.addChild(CompositeMetadataRepository.java:171)
2024-02-15 18:12:51,459 [ERROR] LogOutputStream:75 - [STDERR_REDIRECT] 	at org.eclipse.equinox.internal.p2.metadata.repository.CompositeMetadataRepository.<init>(CompositeMetadataRepository.java:113)
2024-02-15 18:12:51,460 [ERROR] LogOutputStream:75 - [STDERR_REDIRECT] 	at org.eclipse.equinox.internal.p2.metadata.repository.CompositeMetadataRepositoryFactory.load(CompositeMetadataRepositoryFactory.java:124)
2024-02-15 18:12:51,461 [ERROR] LogOutputStream:75 - [STDERR_REDIRECT] 	at org.eclipse.equinox.internal.p2.metadata.repository.MetadataRepositoryManager.factoryLoad(MetadataRepositoryManager.java:63)
